This is pdfTeX, Version 3.141592653-2.6-1.40.22 (TeX Live 2021) (preloaded format=pdflatex 2023.3.2)  24 MAR 2023 12:24
entering extended mode
 restricted \write18 enabled.
 file:line:error style messages enabled.
 %&-line parsing enabled.
**/home/anton/Development/mine-world/report.tex
(/home/anton/Development/mine-world/report.tex
LaTeX2e <2020-10-01> patch level 4
L3 programming layer <2021-05-07>

! LaTeX Error: File `exam.cls' not found.

Type X to quit or <RETURN> to proceed,
or enter new name. (Default extension: cls)

Enter file name: 
/home/anton/Development/mine-world/report.tex:3: Emergency stop.
<read *> 
         
l.3 \usepackage
               [english]{babel}^^M
*** (cannot \read from terminal in nonstop modes)

 
Here is how much of TeX's memory you used:
 24 strings out of 480806
 554 string characters out of 5905152
 281494 words of memory out of 6000000
 17502 multiletter control sequences out of 15000+600000
 403430 words of font info for 27 fonts, out of 8000000 for 9000
 14 hyphenation exceptions out of 8191
 19i,0n,27p,107b,13s stack positions out of 5000i,500n,10000p,200000b,80000s
/home/anton/Development/mine-world/report.tex:3:  ==> Fatal error occurred, no output PDF file produced!
